../A.cpp: In function ‘int main()’:
../A.cpp:190:10: warning: structured bindings only available with ‘-std=c++17’ or ‘-std=gnu++17’
  190 |     auto [path, exp] = build_path(si, sj, ti, tj);
      |          ^
0
923312006
1859543592
2793944526
3700416885
4633378336
5536441884
6462177582
7384635016
8282512906
9200089674
10109335028
11033112422
11896886523
12802939162
13710105708
14641336669
15547300185
16419239816
17342571624
18208512718
19099810654
20026700862
20952208278
21877319922
22810161588
23717585928
24622818197
25515730108
26440823494
27352105384
28218725915
29140630313
30040782757
30965382757
31887129833
32791369965
33718393174
34631575689
35558491139
36457382964
37393466872
38300706562
39218431286
40127534081
41048476783
41923897874
42859173057
43798767975
44729453183
45672469129
46584935450
47501153106
48413822918
49352057558
50260365189
51185666571
52086102603
53025007819
53929943929
54829946311
55739125044
56628904137
57519295916
58444214314
59365592698
60294986796
61192875667
62102857992
63001726113
63920910997
64832911747
65770459612
66656433006
67540782194
68472704157
69405467408
70328009135
71233776987
72096691217
73018961086
73956144837
74890358699
75806483467
76705744042
77591040515
78517969925
79437033139
80330152997
81236842709
82172683670
83074701381
84018118593
84928486019
85865727720
86736672019
87604494590
88515855336
89431864361
90297102129
91206770015
