compiling...
processing 0000.txt
874224166
finished 0000.txt
processing 0001.txt
Opening in existing browser session.
870115538
finished 0001.txt
processing 0002.txt
Opening in existing browser session.
834691629
finished 0002.txt
processing 0003.txt
Opening in existing browser session.
868657086
finished 0003.txt
processing 0004.txt
Opening in existing browser session.
889670801
finished 0004.txt
processing 0005.txt
Opening in existing browser session.
881313909
finished 0005.txt
processing 0006.txt
Opening in existing browser session.
859101602
finished 0006.txt
processing 0007.txt
Opening in existing browser session.
872691620
finished 0007.txt
processing 0008.txt
Opening in existing browser session.
862081287
finished 0008.txt
processing 0009.txt
Opening in existing browser session.
899311383
finished 0009.txt
processing 0010.txt
Opening in existing browser session.
883317125
finished 0010.txt
processing 0011.txt
Opening in existing browser session.
883679343
finished 0011.txt
processing 0012.txt
Opening in existing browser session.
872654733
finished 0012.txt
processing 0013.txt
Opening in existing browser session.
893065668
finished 0013.txt
processing 0014.txt
Opening in existing browser session.
869013116
finished 0014.txt
processing 0015.txt
Opening in existing browser session.
877013351
finished 0015.txt
processing 0016.txt
Opening in existing browser session.
884374692
finished 0016.txt
processing 0017.txt
Opening in existing browser session.
891443583
finished 0017.txt
processing 0018.txt
Opening in existing browser session.
885202627
finished 0018.txt
processing 0019.txt
Opening in existing browser session.
869998349
finished 0019.txt
processing 0020.txt
Opening in existing browser session.
888565297
finished 0020.txt
processing 0021.txt
Opening in existing browser session.
873235119
finished 0021.txt
processing 0022.txt
Opening in existing browser session.
897571130
finished 0022.txt
processing 0023.txt
Opening in existing browser session.
889665811
finished 0023.txt
processing 0024.txt
Opening in existing browser session.
885773473
finished 0024.txt
processing 0025.txt
Opening in existing browser session.
869350034
finished 0025.txt
processing 0026.txt
Opening in existing browser session.
917517089
finished 0026.txt
processing 0027.txt
Opening in existing browser session.
910571930
finished 0027.txt
processing 0028.txt
Opening in existing browser session.
900232987
finished 0028.txt
processing 0029.txt
Opening in existing browser session.
884737154
finished 0029.txt
processing 0030.txt
Opening in existing browser session.
826039481
finished 0030.txt
processing 0031.txt
Opening in existing browser session.
883330901
finished 0031.txt
processing 0032.txt
Opening in existing browser session.
872591619
finished 0032.txt
processing 0033.txt
Opening in existing browser session.
916951610
finished 0033.txt
processing 0034.txt
Opening in existing browser session.
891822121
finished 0034.txt
processing 0035.txt
Opening in existing browser session.
879625854
finished 0035.txt
processing 0036.txt
Opening in existing browser session.
869491982
finished 0036.txt
processing 0037.txt
Opening in existing browser session.
852214824
finished 0037.txt
processing 0038.txt
Opening in existing browser session.
865493924
finished 0038.txt
processing 0039.txt
Opening in existing browser session.
858582399
finished 0039.txt
processing 0040.txt
Opening in existing browser session.
873443800
finished 0040.txt
processing 0041.txt
Opening in existing browser session.
896225896
finished 0041.txt
processing 0042.txt
Opening in existing browser session.
900562540
finished 0042.txt
processing 0043.txt
Opening in existing browser session.
849506430
finished 0043.txt
processing 0044.txt
Opening in existing browser session.
872208381
finished 0044.txt
processing 0045.txt
Opening in existing browser session.
897575799
finished 0045.txt
processing 0046.txt
Opening in existing browser session.
863847301
finished 0046.txt
processing 0047.txt
Opening in existing browser session.
853561120
finished 0047.txt
processing 0048.txt
Opening in existing browser session.
866254072
finished 0048.txt
processing 0049.txt
Opening in existing browser session.
897446061
finished 0049.txt
Opening in existing browser session.
